app/build/intermediates/manifest_merge_blame_file/debug/manifest-merger-blame-debug-report.txt
1<?xml version="1.0" encoding="utf-8"?>
2<manifest xmlns:android="http://schemas.android.com/apk/res/android"
3    package="com.atiqur.pidtuner"
4    android:versionCode="1"
5    android:versionName="1.0" >
6
7    <uses-sdk
8        android:minSdkVersion="26"
8-->src\main\AndroidManifest.xml
9        android:targetSdkVersion="30" />
9-->src\main\AndroidManifest.xml
10
11    <uses-permission android:name="android.permission.BLUETOOTH" />
11-->src\main\AndroidManifest.xml:5:5-68
11-->src\main\AndroidManifest.xml:5:22-65
12    <uses-permission android:name="android.permission.BLUETOOTH_ADMIN" />
12-->src\main\AndroidManifest.xml:6:5-74
12-->src\main\AndroidManifest.xml:6:22-71
13
14    <application
14-->src\main\AndroidManifest.xml:8:5-35:19
15        android:allowBackup="true"
15-->src\main\AndroidManifest.xml:9:9-35
16        android:appComponentFactory="androidx.core.app.CoreComponentFactory"
16-->[androidx.core:core:1.3.1] AndroidManifest.xml:24:18-86
17        android:debuggable="true"
18        android:extractNativeLibs="false"
19        android:icon="@mipmap/ic_launcher"
19-->src\main\AndroidManifest.xml:10:9-43
20        android:label="@string/app_name"
20-->src\main\AndroidManifest.xml:11:9-41
21        android:roundIcon="@mipmap/ic_launcher_round"
21-->src\main\AndroidManifest.xml:12:9-54
22        android:supportsRtl="true"
22-->src\main\AndroidManifest.xml:13:9-35
23        android:testOnly="true"
24        android:theme="@style/Theme.PIDTuner" >
24-->src\main\AndroidManifest.xml:14:9-46
25        <activity
25-->src\main\AndroidManifest.xml:15:9-20:20
26            android:name="com.atiqur.pidtuner.Settings"
26-->src\main\AndroidManifest.xml:16:13-37
27            android:parentActivityName="com.atiqur.pidtuner.MainActivity"
27-->src\main\AndroidManifest.xml:17:13-55
28            android:screenOrientation="portrait"
28-->src\main\AndroidManifest.xml:18:13-49
29            android:theme="@style/Theme.PIDTuner" >
29-->src\main\AndroidManifest.xml:19:13-50
30        </activity>
31        <activity
31-->src\main\AndroidManifest.xml:21:9-25:53
32            android:name="com.atiqur.pidtuner.PairedActivity"
32-->src\main\AndroidManifest.xml:22:13-43
33            android:parentActivityName="com.atiqur.pidtuner.MainActivity"
33-->src\main\AndroidManifest.xml:23:13-55
34            android:screenOrientation="landscape"
34-->src\main\AndroidManifest.xml:24:13-50
35            android:theme="@style/Theme.PIDTuner" />
35-->src\main\AndroidManifest.xml:25:13-50
36        <activity
36-->src\main\AndroidManifest.xml:26:9-34:20
37            android:name="com.atiqur.pidtuner.MainActivity"
37-->src\main\AndroidManifest.xml:27:13-41
38            android:screenOrientation="landscape" >
38-->src\main\AndroidManifest.xml:28:13-50
39            <intent-filter>
39-->src\main\AndroidManifest.xml:29:13-33:29
40                <action android:name="android.intent.action.MAIN" />
40-->src\main\AndroidManifest.xml:30:17-69
40-->src\main\AndroidManifest.xml:30:25-66
41
42                <category android:name="android.intent.category.LAUNCHER" />
42-->src\main\AndroidManifest.xml:32:17-77
42-->src\main\AndroidManifest.xml:32:27-74
43            </intent-filter>
44        </activity>
45    </application>
46
47</manifest>